<?xml version="1.0" encoding="UTF-8"?>
<!-- Generated by org.testng.reporters.JUnitXMLReporter -->
<testsuite ignored="3" hostname="LAPTOP-Q7AL5D2T" failures="0" tests="1" name="Default test" time="4.415" errors="0" timestamp="2024-07-25T20:13:06 IST">
  <testcase classname="com.sevenrmartsupermarket.tests.AdminUserTest" name="verify_AdminUserLanding" time="1.095"/>
  <testcase classname="com.sevenrmartsupermarket.tests.AdminUserTest" name="verify_Create_NewAdminUser2" time="0.0">
    <ignored/>
  </testcase> <!-- verify_Create_NewAdminUser2 -->
  <testcase classname="com.sevenrmartsupermarket.tests.AdminUserTest" name="verify_Create_NewAdminUser" time="0.0">
    <ignored/>
  </testcase> <!-- verify_Create_NewAdminUser -->
  <testcase classname="com.sevenrmartsupermarket.tests.AdminUserTest" name="verify_NewAdmin_CreatePageLanding" time="0.0">
    <ignored/>
  </testcase> <!-- verify_NewAdmin_CreatePageLanding -->
</testsuite> <!-- Default test -->
