<?xml version="1.0" encoding="UTF-8"?>
<!-- Generated by org.testng.reporters.JUnitXMLReporter -->
<testsuite ignored="0" hostname="LAPTOP-Q7AL5D2T" failures="1" tests="3" name="Executing in Chrome" time="16.086" errors="0" timestamp="2024-07-22T20:30:29 IST">
  <testcase classname="com.sevenrmartsupermarket.tests.LoginTest" name="verifyData" time="0.817"/>
  <testcase classname="com.sevenrmartsupermarket.tests.LoginTest" name="verifyLogin" time="0.719"/>
  <testcase classname="com.sevenrmartsupermarket.tests.LoginTest" name="verifyLogin_Excel" time="1.013">
    <failure type="java.lang.AssertionError" message="expected [admin] but found [Admin]">
      <![CDATA[java.lang.AssertionError: expected [admin] but found [Admin]
at com.sevenrmartsupermarket.tests.LoginTest.verifyLogin_Excel(LoginTest.java:44)
at java.base/java.util.ArrayList.forEach(ArrayList.java:1511)
at java.base/java.util.concurrent.FutureTask.run(FutureTask.java:264)
at java.base/java.util.concurrent.ThreadPoolExecutor.runWorker(ThreadPoolExecutor.java:1136)
at java.base/java.util.concurrent.ThreadPoolExecutor$Worker.run(ThreadPoolExecutor.java:635)
at java.base/java.lang.Thread.run(Thread.java:842)
... Removed 23 stack frames]]>
    </failure>
  </testcase> <!-- verifyLogin_Excel -->
</testsuite> <!-- Executing in Chrome -->
