<?xml version="1.0" encoding="UTF-8"?>
<!-- Generated by org.testng.reporters.JUnitXMLReporter -->
<testsuite ignored="0" hostname="LAPTOP-Q7AL5D2T" failures="1" tests="3" name="Accessibility Pack 2" time="18.639" errors="0" timestamp="2024-07-16T20:50:01 IST">
  <testcase classname="sevenrmartsupermarket.tests.LoginTest" name="verifyData" time="1.316"/>
  <testcase classname="sevenrmartsupermarket.tests.LoginTest" name="verifyLogin" time="0.824"/>
  <testcase classname="sevenrmartsupermarket.tests.LoginTest" name="verifyLogin_Excel" time="1.644">
    <failure type="java.lang.AssertionError" message="expected [admin] but found [Admin]">
      <![CDATA[java.lang.AssertionError: expected [admin] but found [Admin]
at sevenrmartsupermarket.tests.LoginTest.verifyLogin_Excel(LoginTest.java:44)
at java.base/java.util.ArrayList.forEach(ArrayList.java:1511)
at java.base/java.util.concurrent.FutureTask.run(FutureTask.java:264)
at java.base/java.util.concurrent.ThreadPoolExecutor.runWorker(ThreadPoolExecutor.java:1136)
at java.base/java.util.concurrent.ThreadPoolExecutor$Worker.run(ThreadPoolExecutor.java:635)
at java.base/java.lang.Thread.run(Thread.java:842)
... Removed 23 stack frames]]>
    </failure>
  </testcase> <!-- verifyLogin_Excel -->
</testsuite> <!-- Accessibility Pack 2 -->
