<?xml version="1.0" encoding="UTF-8"?>
<!-- Generated by org.testng.reporters.JUnitXMLReporter -->
<testsuite ignored="0" hostname="LAPTOP-Q7AL5D2T" failures="1" tests="3" name="Accessibility  Pack 3" time="9.533" errors="0" timestamp="2024-07-17T20:15:09 IST">
  <testcase classname="com.sevenrmartsupermarket.tests.LoginTest" name="verifyData" time="0.08"/>
  <testcase classname="com.sevenrmartsupermarket.tests.LoginTest" name="verifyLogin" time="3.075"/>
  <testcase classname="com.sevenrmartsupermarket.tests.LoginTest" name="verifyLogin_Excel" time="0.834">
    <failure type="java.lang.AssertionError" message="expected [admin] but found [Admin]">
      <![CDATA[java.lang.AssertionError: expected [admin] but found [Admin]
at com.sevenrmartsupermarket.tests.LoginTest.verifyLogin_Excel(LoginTest.java:44)
at java.base/java.util.ArrayList.forEach(ArrayList.java:1511)
... Removed 33 stack frames]]>
    </failure>
  </testcase> <!-- verifyLogin_Excel -->
</testsuite> <!-- Accessibility  Pack 3 -->
