<?xml version="1.0" encoding="UTF-8"?>
<testng-results ignored="0" total="1" passed="1" failed="0" skipped="0">
  <reporter-output>
  </reporter-output>
  <suite started-at="2024-07-25T20:13:02 IST" name="Default suite" finished-at="2024-07-25T20:13:06 IST" duration-ms="4415">
    <groups>
      <group name="Smoke">
        <method signature="AdminUserTest.verify_AdminUserLanding()[pri:0, instance:com.sevenrmartsupermarket.tests.AdminUserTest@489115ef]" name="verify_AdminUserLanding" class="com.sevenrmartsupermarket.tests.AdminUserTest"/>
      </group> <!-- Smoke -->
    </groups>
    <test started-at="2024-07-25T20:13:02 IST" name="Default test" finished-at="2024-07-25T20:13:06 IST" duration-ms="4415">
      <class name="com.sevenrmartsupermarket.tests.AdminUserTest">
        <test-method is-config="true" signature="launchBrowser()[pri:0, instance:com.sevenrmartsupermarket.tests.AdminUserTest@489115ef]" started-at="2024-07-25T20:13:02 IST" name="launchBrowser" finished-at="2024-07-25T20:13:05 IST" duration-ms="3262" status="PASS">
          <reporter-output>
          </reporter-output>
        </test-method> <!-- launchBrowser -->
        <test-method signature="verify_AdminUserLanding()[pri:0, instance:com.sevenrmartsupermarket.tests.AdminUserTest@489115ef]" started-at="2024-07-25T20:13:05 IST" name="verify_AdminUserLanding" finished-at="2024-07-25T20:13:06 IST" duration-ms="1095" status="PASS">
          <reporter-output>
          </reporter-output>
        </test-method> <!-- verify_AdminUserLanding -->
        <test-method is-config="true" signature="terminateSession(org.testng.ITestResult)[pri:0, instance:com.sevenrmartsupermarket.tests.AdminUserTest@489115ef]" started-at="2024-07-25T20:13:06 IST" name="terminateSession" finished-at="2024-07-25T20:13:06 IST" duration-ms="2" status="PASS">
          <params>
            <param index="0">
              <value>
                <![CDATA[[TestResult name=verify_AdminUserLanding status=SUCCESS method=AdminUserTest.verify_AdminUserLanding()[pri:0, instance:com.sevenrmartsupermarket.tests.AdminUserTest@489115ef] output={null}]]]>
              </value>
            </param>
          </params>
          <reporter-output>
          </reporter-output>
        </test-method> <!-- terminateSession -->
      </class> <!-- com.sevenrmartsupermarket.tests.AdminUserTest -->
    </test> <!-- Default test -->
  </suite> <!-- Default suite -->
</testng-results>
